# JRE version: Java(TM) SE Runtime Environment (24.0.1+9) (build 24.0.1+9-30)
# Java VM: Java HotSpot(TM) 64-Bit Server VM (24.0.1+9-30, mixed mode, sharing, tiered, compressed oops, compressed class ptrs, g1 gc, windows-amd64)
GC Precious Log:
 CardTable entry size: 512
 Card Set container configuration: InlinePtr #cards 4 size 8 Array Of Cards #cards 32 size 80 Howl #buckets 8 coarsen threshold 7372 Howl Bitmap #cards 1024 size 144 coarsen threshold 921 Card regions per heap region 1 cards per card region 8192
 CPUs: 12 total, 12 available
 Memory: 32589M
 Large Page Support: Disabled
 NUMA Support: Disabled
 Compressed Oops: Enabled (Zero based)
 Heap Region Size: 4M
 Heap Min Capacity: 8M
 Heap Initial Capacity: 512M
 Heap Max Capacity: 8148M
 Pre-touch: Disabled
 Parallel Workers: 10
 Concurrent Workers: 3
 Concurrent Refinement Workers: 10
 Periodic GC: Disabled
Heap:
 garbage-first heap   total reserved 8343552K, committed 307200K, used 133711K [0x0000000602c00000, 0x0000000800000000)
  region size 4096K, 25 young (102400K), 3 survivors (12288K)
 Metaspace       used 94443K, committed 95232K, reserved 1179648K
  class space    used 10551K, committed 10880K, reserved 1048576K
GC Heap History (20 events):
Event: 6.379 GC heap before
{Heap before GC invocations=8 (full 0):
 garbage-first heap   total reserved 8343552K, committed 86016K, used 65267K [0x0000000602c00000, 0x0000000800000000)
  region size 4096K, 12 young (49152K), 2 survivors (8192K)
 Metaspace       used 56439K, committed 56960K, reserved 1114112K
  class space    used 5838K, committed 6080K, reserved 1048576K
}
Event: 6.386 GC heap after
{Heap after GC invocations=9 (full 0):
 garbage-first heap   total reserved 8343552K, committed 86016K, used 28859K [0x0000000602c00000, 0x0000000800000000)
  region size 4096K, 2 young (8192K), 2 survivors (8192K)
 Metaspace       used 56439K, committed 56960K, reserved 1114112K
  class space    used 5838K, committed 6080K, reserved 1048576K
}
Event: 6.608 GC heap before
{Heap before GC invocations=9 (full 0):
 garbage-first heap   total reserved 8343552K, committed 86016K, used 41147K [0x0000000602c00000, 0x0000000800000000)
  region size 4096K, 6 young (24576K), 2 survivors (8192K)
 Metaspace       used 59838K, committed 60288K, reserved 1114112K
  class space    used 6108K, committed 6336K, reserved 1048576K
}
Event: 6.612 GC heap after
{Heap after GC invocations=10 (full 0):
 garbage-first heap   total reserved 8343552K, committed 86016K, used 29270K [0x0000000602c00000, 0x0000000800000000)
  region size 4096K, 2 young (8192K), 2 survivors (8192K)
 Metaspace       used 59838K, committed 60288K, reserved 1114112K
  class space    used 6108K, committed 6336K, reserved 1048576K
}
Event: 7.327 GC heap before
{Heap before GC invocations=11 (full 0):
 garbage-first heap   total reserved 8343552K, committed 86016K, used 66134K [0x0000000602c00000, 0x0000000800000000)
  region size 4096K, 11 young (45056K), 2 survivors (8192K)
 Metaspace       used 68568K, committed 69184K, reserved 1114112K
  class space    used 7251K, committed 7488K, reserved 1048576K
}
Event: 7.331 GC heap after
{Heap after GC invocations=12 (full 0):
 garbage-first heap   total reserved 8343552K, committed 86016K, used 30830K [0x0000000602c00000, 0x0000000800000000)
  region size 4096K, 1 young (4096K), 1 survivors (4096K)
 Metaspace       used 68568K, committed 69184K, reserved 1114112K
  class space    used 7251K, committed 7488K, reserved 1048576K
}
Event: 8.087 GC heap before
{Heap before GC invocations=12 (full 0):
 garbage-first heap   total reserved 8343552K, committed 86016K, used 71790K [0x0000000602c00000, 0x0000000800000000)
  region size 4096K, 11 young (45056K), 1 survivors (4096K)
 Metaspace       used 75224K, committed 75840K, reserved 1179648K
  class space    used 8169K, committed 8448K, reserved 1048576K
}
Event: 8.091 GC heap after
{Heap after GC invocations=13 (full 0):
 garbage-first heap   total reserved 8343552K, committed 86016K, used 34788K [0x0000000602c00000, 0x0000000800000000)
  region size 4096K, 2 young (8192K), 2 survivors (8192K)
 Metaspace       used 75224K, committed 75840K, reserved 1179648K
  class space    used 8169K, committed 8448K, reserved 1048576K
}
Event: 8.356 GC heap before
{Heap before GC invocations=13 (full 0):
 garbage-first heap   total reserved 8343552K, committed 86016K, used 67556K [0x0000000602c00000, 0x0000000800000000)
  region size 4096K, 10 young (40960K), 2 survivors (8192K)
 Metaspace       used 77077K, committed 77696K, reserved 1179648K
  class space    used 8556K, committed 8832K, reserved 1048576K
}
Event: 8.361 GC heap after
{Heap after GC invocations=14 (full 0):
 garbage-first heap   total reserved 8343552K, committed 86016K, used 35977K [0x0000000602c00000, 0x0000000800000000)
  region size 4096K, 2 young (8192K), 2 survivors (8192K)
 Metaspace       used 77077K, committed 77696K, reserved 1179648K
  class space    used 8556K, committed 8832K, reserved 1048576K
}
Event: 8.591 GC heap before
{Heap before GC invocations=14 (full 0):
 garbage-first heap   total reserved 8343552K, committed 86016K, used 64649K [0x0000000602c00000, 0x0000000800000000)
  region size 4096K, 9 young (36864K), 2 survivors (8192K)
 Metaspace       used 79340K, committed 79936K, reserved 1179648K
  class space    used 8802K, committed 9088K, reserved 1048576K
}
Event: 8.596 GC heap after
{Heap after GC invocations=15 (full 0):
 garbage-first heap   total reserved 8343552K, committed 307200K, used 37251K [0x0000000602c00000, 0x0000000800000000)
  region size 4096K, 1 young (4096K), 1 survivors (4096K)
 Metaspace       used 79340K, committed 79936K, reserved 1179648K
  class space    used 8802K, committed 9088K, reserved 1048576K
}
Event: 527.173 GC heap before
{Heap before GC invocations=15 (full 0):
 garbage-first heap   total reserved 8343552K, committed 307200K, used 217475K [0x0000000602c00000, 0x0000000800000000)
  region size 4096K, 45 young (184320K), 1 survivors (4096K)
 Metaspace       used 94003K, committed 94784K, reserved 1179648K
  class space    used 10534K, committed 10880K, reserved 1048576K
}
Event: 527.193 GC heap after
{Heap after GC invocations=16 (full 0):
 garbage-first heap   total reserved 8343552K, committed 307200K, used 45701K [0x0000000602c00000, 0x0000000800000000)
  region size 4096K, 3 young (12288K), 3 survivors (12288K)
 Metaspace       used 94003K, committed 94784K, reserved 1179648K
  class space    used 10534K, committed 10880K, reserved 1048576K
}
Event: 1588.452 GC heap before
{Heap before GC invocations=16 (full 0):
 garbage-first heap   total reserved 8343552K, committed 307200K, used 189061K [0x0000000602c00000, 0x0000000800000000)
  region size 4096K, 38 young (155648K), 3 survivors (12288K)
 Metaspace       used 94136K, committed 94912K, reserved 1179648K
  class space    used 10539K, committed 10880K, reserved 1048576K
}
Event: 1588.466 GC heap after
{Heap after GC invocations=17 (full 0):
 garbage-first heap   total reserved 8343552K, committed 307200K, used 46392K [0x0000000602c00000, 0x0000000800000000)
  region size 4096K, 3 young (12288K), 3 survivors (12288K)
 Metaspace       used 94136K, committed 94912K, reserved 1179648K
  class space    used 10539K, committed 10880K, reserved 1048576K
}
Event: 2828.481 GC heap before
{Heap before GC invocations=17 (full 0):
 garbage-first heap   total reserved 8343552K, committed 307200K, used 214328K [0x0000000602c00000, 0x0000000800000000)
  region size 4096K, 44 young (180224K), 3 survivors (12288K)
 Metaspace       used 94262K, committed 94976K, reserved 1179648K
  class space    used 10539K, committed 10880K, reserved 1048576K
}
Event: 2828.512 GC heap after
{Heap after GC invocations=18 (full 0):
 garbage-first heap   total reserved 8343552K, committed 307200K, used 46804K [0x0000000602c00000, 0x0000000800000000)
  region size 4096K, 3 young (12288K), 3 survivors (12288K)
 Metaspace       used 94262K, committed 94976K, reserved 1179648K
  class space    used 10539K, committed 10880K, reserved 1048576K
}
Event: 4205.432 GC heap before
{Heap before GC invocations=18 (full 0):
 garbage-first heap   total reserved 8343552K, committed 307200K, used 218836K [0x0000000602c00000, 0x0000000800000000)
  region size 4096K, 45 young (184320K), 3 survivors (12288K)
 Metaspace       used 94339K, committed 95104K, reserved 1179648K
  class space    used 10540K, committed 10880K, reserved 1048576K
}
Event: 4205.461 GC heap after
{Heap after GC invocations=19 (full 0):
 garbage-first heap   total reserved 8343552K, committed 307200K, used 47695K [0x0000000602c00000, 0x0000000800000000)
  region size 4096K, 3 young (12288K), 3 survivors (12288K)
 Metaspace       used 94339K, committed 95104K, reserved 1179648K
  class space    used 10540K, committed 10880K, reserved 1048576K
}

